[2020-12-17T20:28:20-0300] [INFO] Capabilities are: {
  "acceptInsecureCerts": true,
  "acceptSslCerts": true,
  "browserName": "chrome",
  "carinaTestRunId": "9b23f3f7-1bcf-445f-b095-a34cd61db547",
  "chrome.switches": [
    "--start-maximized",
    "--ignore-ssl-errors"
  ],
  "goog:chromeOptions": {
    "args": [
      "test-type",
      "--lang=en_US"
    ],
    "extensions": [
    ]
  },
  "name": "default",
  "takesScreenshot": false,
  "version": ""
}
[2020-12-17T20:28:20-0300] [INFO] Matched factory org.openqa.selenium.grid.session.remote.ServicedSession$Factory (provider: org.openqa.selenium.chrome.ChromeDriverService)
[2020-12-17T20:28:26-0300] [INFO] Detected dialect: W3C
[2020-12-17T20:28:26-0300] [INFO] Started new session 134ce2d9eae2199edd62962e1ac55908 (org.openqa.selenium.chrome.ChromeDriverService)
