[2020-12-19T12:24:38-0300] [INFO] Capabilities are: {
  "acceptInsecureCerts": true,
  "acceptSslCerts": true,
  "browserName": "chrome",
  "carinaTestRunId": "99032df8-6392-4cf7-a973-b8ebf608f9a1",
  "chrome.switches": [
    "--start-maximized",
    "--ignore-ssl-errors"
  ],
  "goog:chromeOptions": {
    "args": [
      "test-type",
      "--lang=en_US"
    ],
    "extensions": [
    ]
  },
  "name": "default",
  "takesScreenshot": false,
  "version": ""
}
[2020-12-19T12:24:38-0300] [INFO] Matched factory org.openqa.selenium.grid.session.remote.ServicedSession$Factory (provider: org.openqa.selenium.chrome.ChromeDriverService)
[2020-12-19T12:24:43-0300] [INFO] Detected dialect: W3C
[2020-12-19T12:24:43-0300] [INFO] Started new session 86843b7d5663e375f8661bd81d93fd29 (org.openqa.selenium.chrome.ChromeDriverService)
