[2020-12-19T10:56:23-0300] [INFO] Capabilities are: {
  "acceptInsecureCerts": true,
  "acceptSslCerts": true,
  "browserName": "chrome",
  "carinaTestRunId": "2247e5e1-28ea-4bd9-b758-0516c59b88f2",
  "chrome.switches": [
    "--start-maximized",
    "--ignore-ssl-errors"
  ],
  "goog:chromeOptions": {
    "args": [
      "test-type",
      "--lang=en_US"
    ],
    "extensions": [
    ]
  },
  "name": "default",
  "takesScreenshot": false,
  "version": ""
}
[2020-12-19T10:56:23-0300] [INFO] Matched factory org.openqa.selenium.grid.session.remote.ServicedSession$Factory (provider: org.openqa.selenium.chrome.ChromeDriverService)
[2020-12-19T10:56:28-0300] [INFO] Detected dialect: W3C
[2020-12-19T10:56:28-0300] [INFO] Started new session d36ca0eeb59f91d1da291c58be7621ea (org.openqa.selenium.chrome.ChromeDriverService)
