[2020-12-19T11:01:09-0300] [INFO] Capabilities are: {
  "acceptInsecureCerts": true,
  "acceptSslCerts": true,
  "browserName": "chrome",
  "carinaTestRunId": "e2c2da1d-7f07-4b9c-94ec-c57f81f02aa8",
  "chrome.switches": [
    "--start-maximized",
    "--ignore-ssl-errors"
  ],
  "goog:chromeOptions": {
    "args": [
      "test-type",
      "--lang=en_US"
    ],
    "extensions": [
    ]
  },
  "name": "default",
  "takesScreenshot": false,
  "version": ""
}
[2020-12-19T11:01:09-0300] [INFO] Matched factory org.openqa.selenium.grid.session.remote.ServicedSession$Factory (provider: org.openqa.selenium.chrome.ChromeDriverService)
[2020-12-19T11:01:14-0300] [INFO] Detected dialect: W3C
[2020-12-19T11:01:14-0300] [INFO] Started new session 2e8ec1394990b1f8d4be1a26ad00dab4 (org.openqa.selenium.chrome.ChromeDriverService)
