[2020-12-18T17:43:01-0300] [INFO] Capabilities are: {
  "acceptInsecureCerts": true,
  "acceptSslCerts": true,
  "browserName": "chrome",
  "carinaTestRunId": "57fda4e1-de46-4859-a608-29ab870dcfdd",
  "chrome.switches": [
    "--start-maximized",
    "--ignore-ssl-errors"
  ],
  "goog:chromeOptions": {
    "args": [
      "test-type",
      "--lang=en_US"
    ],
    "extensions": [
    ]
  },
  "name": "default",
  "takesScreenshot": false,
  "version": ""
}
[2020-12-18T17:43:01-0300] [INFO] Matched factory org.openqa.selenium.grid.session.remote.ServicedSession$Factory (provider: org.openqa.selenium.chrome.ChromeDriverService)
[2020-12-18T17:43:07-0300] [INFO] Detected dialect: W3C
[2020-12-18T17:43:07-0300] [INFO] Started new session 470f043aa0f3e4a7301b3810071c9140 (org.openqa.selenium.chrome.ChromeDriverService)
