[2020-12-19T11:40:42-0300] [INFO] Capabilities are: {
  "acceptInsecureCerts": true,
  "acceptSslCerts": true,
  "browserName": "chrome",
  "carinaTestRunId": "04ca477c-966d-4192-98c2-05b90b28763d",
  "chrome.switches": [
    "--start-maximized",
    "--ignore-ssl-errors"
  ],
  "goog:chromeOptions": {
    "args": [
      "test-type",
      "--lang=en_US"
    ],
    "extensions": [
    ]
  },
  "name": "default",
  "takesScreenshot": false,
  "version": ""
}
[2020-12-19T11:40:42-0300] [INFO] Matched factory org.openqa.selenium.grid.session.remote.ServicedSession$Factory (provider: org.openqa.selenium.chrome.ChromeDriverService)
[2020-12-19T11:40:48-0300] [INFO] Detected dialect: W3C
[2020-12-19T11:40:48-0300] [INFO] Started new session 3c9f82bb866690268950024ba428ee7f (org.openqa.selenium.chrome.ChromeDriverService)
