[2020-12-18T14:08:22-0300] [INFO] Capabilities are: {
  "acceptInsecureCerts": true,
  "acceptSslCerts": true,
  "browserName": "chrome",
  "carinaTestRunId": "d62c506c-3df4-4999-ba6e-0442dd86f5cb",
  "chrome.switches": [
    "--start-maximized",
    "--ignore-ssl-errors"
  ],
  "goog:chromeOptions": {
    "args": [
      "test-type",
      "--lang=en_US"
    ],
    "extensions": [
    ]
  },
  "name": "default",
  "takesScreenshot": false,
  "version": ""
}
[2020-12-18T14:08:22-0300] [INFO] Matched factory org.openqa.selenium.grid.session.remote.ServicedSession$Factory (provider: org.openqa.selenium.chrome.ChromeDriverService)
[2020-12-18T14:08:28-0300] [INFO] Detected dialect: W3C
[2020-12-18T14:08:28-0300] [INFO] Started new session 01ea145ea2f1f4abad3684eb5b8f90ef (org.openqa.selenium.chrome.ChromeDriverService)
