[2020-12-17T20:31:01-0300] [INFO] Capabilities are: {
  "acceptInsecureCerts": true,
  "acceptSslCerts": true,
  "browserName": "chrome",
  "carinaTestRunId": "5b87e5dd-61e6-4dc6-b1b9-742d87e31447",
  "chrome.switches": [
    "--start-maximized",
    "--ignore-ssl-errors"
  ],
  "goog:chromeOptions": {
    "args": [
      "test-type",
      "--lang=en_US"
    ],
    "extensions": [
    ]
  },
  "name": "default",
  "takesScreenshot": false,
  "version": ""
}
[2020-12-17T20:31:01-0300] [INFO] Matched factory org.openqa.selenium.grid.session.remote.ServicedSession$Factory (provider: org.openqa.selenium.chrome.ChromeDriverService)
[2020-12-17T20:31:06-0300] [INFO] Detected dialect: W3C
[2020-12-17T20:31:06-0300] [INFO] Started new session 5a9033c625ba0b43f80143d73cb2934c (org.openqa.selenium.chrome.ChromeDriverService)
