[2020-12-19T10:41:42-0300] [INFO] Capabilities are: {
  "acceptInsecureCerts": true,
  "acceptSslCerts": true,
  "browserName": "chrome",
  "carinaTestRunId": "7f308be0-61ec-4a9a-b810-579b96d9d0c7",
  "chrome.switches": [
    "--start-maximized",
    "--ignore-ssl-errors"
  ],
  "goog:chromeOptions": {
    "args": [
      "test-type",
      "--lang=en_US"
    ],
    "extensions": [
    ]
  },
  "name": "default",
  "takesScreenshot": false,
  "version": ""
}
[2020-12-19T10:41:42-0300] [INFO] Matched factory org.openqa.selenium.grid.session.remote.ServicedSession$Factory (provider: org.openqa.selenium.chrome.ChromeDriverService)
[2020-12-19T10:41:47-0300] [INFO] Detected dialect: W3C
[2020-12-19T10:41:47-0300] [INFO] Started new session 26443dfb3e841630c9525cde27a2bcda (org.openqa.selenium.chrome.ChromeDriverService)
