[2020-12-18T18:35:39-0300] [INFO] Capabilities are: {
  "acceptInsecureCerts": true,
  "acceptSslCerts": true,
  "browserName": "chrome",
  "carinaTestRunId": "9ebbdee9-e7ee-4c30-af47-25e7596f69e5",
  "chrome.switches": [
    "--start-maximized",
    "--ignore-ssl-errors"
  ],
  "goog:chromeOptions": {
    "args": [
      "test-type",
      "--lang=en_US"
    ],
    "extensions": [
    ]
  },
  "name": "default",
  "takesScreenshot": false,
  "version": ""
}
[2020-12-18T18:35:39-0300] [INFO] Matched factory org.openqa.selenium.grid.session.remote.ServicedSession$Factory (provider: org.openqa.selenium.chrome.ChromeDriverService)
[2020-12-18T18:35:44-0300] [INFO] Detected dialect: W3C
[2020-12-18T18:35:44-0300] [INFO] Started new session 744ec12a250201d55647ce04996ac6ca (org.openqa.selenium.chrome.ChromeDriverService)
