[2020-12-19T12:06:19-0300] [INFO] Capabilities are: {
  "acceptInsecureCerts": true,
  "acceptSslCerts": true,
  "browserName": "chrome",
  "carinaTestRunId": "2495294f-6aef-458a-9b19-374a84ea271d",
  "chrome.switches": [
    "--start-maximized",
    "--ignore-ssl-errors"
  ],
  "goog:chromeOptions": {
    "args": [
      "test-type",
      "--lang=en_US"
    ],
    "extensions": [
    ]
  },
  "name": "default",
  "takesScreenshot": false,
  "version": ""
}
[2020-12-19T12:06:19-0300] [INFO] Matched factory org.openqa.selenium.grid.session.remote.ServicedSession$Factory (provider: org.openqa.selenium.chrome.ChromeDriverService)
[2020-12-19T12:06:24-0300] [INFO] Detected dialect: W3C
[2020-12-19T12:06:24-0300] [INFO] Started new session 945c2425632a850849ab26e745ce275b (org.openqa.selenium.chrome.ChromeDriverService)
