[2020-12-19T12:11:09-0300] [INFO] Capabilities are: {
  "acceptInsecureCerts": true,
  "acceptSslCerts": true,
  "browserName": "chrome",
  "carinaTestRunId": "1f2f0bed-ffc4-44f8-8fdc-c9c30640f06c",
  "chrome.switches": [
    "--start-maximized",
    "--ignore-ssl-errors"
  ],
  "goog:chromeOptions": {
    "args": [
      "test-type",
      "--lang=en_US"
    ],
    "extensions": [
    ]
  },
  "name": "default",
  "takesScreenshot": false,
  "version": ""
}
[2020-12-19T12:11:09-0300] [INFO] Matched factory org.openqa.selenium.grid.session.remote.ServicedSession$Factory (provider: org.openqa.selenium.chrome.ChromeDriverService)
[2020-12-19T12:11:15-0300] [INFO] Detected dialect: W3C
[2020-12-19T12:11:15-0300] [INFO] Started new session 607952fbdda76d9cdec41534ce5242ed (org.openqa.selenium.chrome.ChromeDriverService)
