[2020-12-17T20:49:46-0300] [INFO] Capabilities are: {
  "acceptInsecureCerts": true,
  "acceptSslCerts": true,
  "browserName": "chrome",
  "carinaTestRunId": "db4fb825-aa81-4afd-b9bf-45870bbcf470",
  "chrome.switches": [
    "--start-maximized",
    "--ignore-ssl-errors"
  ],
  "goog:chromeOptions": {
    "args": [
      "test-type",
      "--lang=en_US"
    ],
    "extensions": [
    ]
  },
  "name": "default",
  "takesScreenshot": false,
  "version": ""
}
[2020-12-17T20:49:46-0300] [INFO] Matched factory org.openqa.selenium.grid.session.remote.ServicedSession$Factory (provider: org.openqa.selenium.chrome.ChromeDriverService)
[2020-12-17T20:49:51-0300] [INFO] Detected dialect: W3C
[2020-12-17T20:49:51-0300] [INFO] Started new session 006d4afdbdc24c1b23deeb96181a03b8 (org.openqa.selenium.chrome.ChromeDriverService)
