[2020-12-17T20:01:59-0300] [INFO] Capabilities are: {
  "acceptInsecureCerts": true,
  "acceptSslCerts": true,
  "browserName": "chrome",
  "carinaTestRunId": "df225dab-df63-4a41-ab8b-4cfdd4327a34",
  "chrome.switches": [
    "--start-maximized",
    "--ignore-ssl-errors"
  ],
  "goog:chromeOptions": {
    "args": [
      "test-type",
      "--lang=en_US"
    ],
    "extensions": [
    ]
  },
  "name": "default",
  "takesScreenshot": false,
  "version": ""
}
[2020-12-17T20:01:59-0300] [INFO] Matched factory org.openqa.selenium.grid.session.remote.ServicedSession$Factory (provider: org.openqa.selenium.chrome.ChromeDriverService)
[2020-12-17T20:02:05-0300] [INFO] Detected dialect: W3C
[2020-12-17T20:02:05-0300] [INFO] Started new session b3fb50b35da832b0b3ac742340efb54a (org.openqa.selenium.chrome.ChromeDriverService)
