[2020-12-17T19:30:24-0300] [INFO] Capabilities are: {
  "acceptInsecureCerts": true,
  "acceptSslCerts": true,
  "browserName": "chrome",
  "carinaTestRunId": "e265ffa1-32cc-4b8c-8d03-0e92712651d7",
  "chrome.switches": [
    "--start-maximized",
    "--ignore-ssl-errors"
  ],
  "goog:chromeOptions": {
    "args": [
      "test-type",
      "--lang=en_US"
    ],
    "extensions": [
    ]
  },
  "name": "default",
  "takesScreenshot": false,
  "version": ""
}
[2020-12-17T19:30:24-0300] [INFO] Matched factory org.openqa.selenium.grid.session.remote.ServicedSession$Factory (provider: org.openqa.selenium.chrome.ChromeDriverService)
[2020-12-17T19:30:29-0300] [INFO] Detected dialect: W3C
[2020-12-17T19:30:29-0300] [INFO] Started new session d232ef035faddfb7f3d209b91e1118a6 (org.openqa.selenium.chrome.ChromeDriverService)
