[2020-12-19T12:12:19-0300] [INFO] Capabilities are: {
  "acceptInsecureCerts": true,
  "acceptSslCerts": true,
  "browserName": "chrome",
  "carinaTestRunId": "dc3676c7-07d0-4981-95d4-06414e2e56d8",
  "chrome.switches": [
    "--start-maximized",
    "--ignore-ssl-errors"
  ],
  "goog:chromeOptions": {
    "args": [
      "test-type",
      "--lang=en_US"
    ],
    "extensions": [
    ]
  },
  "name": "default",
  "takesScreenshot": false,
  "version": ""
}
[2020-12-19T12:12:19-0300] [INFO] Matched factory org.openqa.selenium.grid.session.remote.ServicedSession$Factory (provider: org.openqa.selenium.chrome.ChromeDriverService)
[2020-12-19T12:12:25-0300] [INFO] Detected dialect: W3C
[2020-12-19T12:12:25-0300] [INFO] Started new session cb0ca85828fa6ad573ab3212fbe952c1 (org.openqa.selenium.chrome.ChromeDriverService)
