[2020-12-18T17:37:21-0300] [INFO] Capabilities are: {
  "acceptInsecureCerts": true,
  "acceptSslCerts": true,
  "browserName": "chrome",
  "carinaTestRunId": "98f68d90-0d9e-4dd9-b080-f44fffd79c35",
  "chrome.switches": [
    "--start-maximized",
    "--ignore-ssl-errors"
  ],
  "goog:chromeOptions": {
    "args": [
      "test-type",
      "--lang=en_US"
    ],
    "extensions": [
    ]
  },
  "name": "default",
  "takesScreenshot": false,
  "version": ""
}
[2020-12-18T17:37:21-0300] [INFO] Matched factory org.openqa.selenium.grid.session.remote.ServicedSession$Factory (provider: org.openqa.selenium.chrome.ChromeDriverService)
[2020-12-18T17:37:26-0300] [INFO] Detected dialect: W3C
[2020-12-18T17:37:26-0300] [INFO] Started new session e1b3eb37e75b8c0d270c350ba77b1712 (org.openqa.selenium.chrome.ChromeDriverService)
