[2020-12-17T20:12:11-0300] [INFO] Capabilities are: {
  "acceptInsecureCerts": true,
  "acceptSslCerts": true,
  "browserName": "chrome",
  "carinaTestRunId": "a4aca6f1-68a8-4020-bf24-122e2bbdb86c",
  "chrome.switches": [
    "--start-maximized",
    "--ignore-ssl-errors"
  ],
  "goog:chromeOptions": {
    "args": [
      "test-type",
      "--lang=en_US"
    ],
    "extensions": [
    ]
  },
  "name": "default",
  "takesScreenshot": false,
  "version": ""
}
[2020-12-17T20:12:11-0300] [INFO] Matched factory org.openqa.selenium.grid.session.remote.ServicedSession$Factory (provider: org.openqa.selenium.chrome.ChromeDriverService)
[2020-12-17T20:12:16-0300] [INFO] Detected dialect: W3C
[2020-12-17T20:12:16-0300] [INFO] Started new session 97ed593f1dc8b8533ce78902dd8a5595 (org.openqa.selenium.chrome.ChromeDriverService)
