[2020-12-19T12:14:06-0300] [INFO] Capabilities are: {
  "acceptInsecureCerts": true,
  "acceptSslCerts": true,
  "browserName": "chrome",
  "carinaTestRunId": "422de1a5-b1fb-41fc-9a04-b223b61ebc32",
  "chrome.switches": [
    "--start-maximized",
    "--ignore-ssl-errors"
  ],
  "goog:chromeOptions": {
    "args": [
      "test-type",
      "--lang=en_US"
    ],
    "extensions": [
    ]
  },
  "name": "default",
  "takesScreenshot": false,
  "version": ""
}
[2020-12-19T12:14:06-0300] [INFO] Matched factory org.openqa.selenium.grid.session.remote.ServicedSession$Factory (provider: org.openqa.selenium.chrome.ChromeDriverService)
[2020-12-19T12:14:12-0300] [INFO] Detected dialect: W3C
[2020-12-19T12:14:12-0300] [INFO] Started new session 5cb7af749492ff6c9bbd2f31ba35c074 (org.openqa.selenium.chrome.ChromeDriverService)
