[2020-12-18T13:25:12-0300] [INFO] Capabilities are: {
  "acceptInsecureCerts": true,
  "acceptSslCerts": true,
  "browserName": "chrome",
  "carinaTestRunId": "5f52b63d-d219-4bf1-8e7f-aa4cc911877e",
  "chrome.switches": [
    "--start-maximized",
    "--ignore-ssl-errors"
  ],
  "goog:chromeOptions": {
    "args": [
      "test-type",
      "--lang=en_US"
    ],
    "extensions": [
    ]
  },
  "name": "default",
  "takesScreenshot": false,
  "version": ""
}
[2020-12-18T13:25:12-0300] [INFO] Matched factory org.openqa.selenium.grid.session.remote.ServicedSession$Factory (provider: org.openqa.selenium.chrome.ChromeDriverService)
[2020-12-18T13:25:18-0300] [INFO] Detected dialect: W3C
[2020-12-18T13:25:18-0300] [INFO] Started new session 12052fa5a3567d58df50cb525f7f94d5 (org.openqa.selenium.chrome.ChromeDriverService)
