[2020-12-17T20:27:35-0300] [INFO] Capabilities are: {
  "acceptInsecureCerts": true,
  "acceptSslCerts": true,
  "browserName": "chrome",
  "carinaTestRunId": "f662d7b6-e0a3-4446-8291-123cc5cedc62",
  "chrome.switches": [
    "--start-maximized",
    "--ignore-ssl-errors"
  ],
  "goog:chromeOptions": {
    "args": [
      "test-type",
      "--lang=en_US"
    ],
    "extensions": [
    ]
  },
  "name": "default",
  "takesScreenshot": false,
  "version": ""
}
[2020-12-17T20:27:35-0300] [INFO] Matched factory org.openqa.selenium.grid.session.remote.ServicedSession$Factory (provider: org.openqa.selenium.chrome.ChromeDriverService)
[2020-12-17T20:27:40-0300] [INFO] Detected dialect: W3C
[2020-12-17T20:27:40-0300] [INFO] Started new session 6b8dd7c4ce93e807d01d82eeb852e784 (org.openqa.selenium.chrome.ChromeDriverService)
