[2020-12-18T19:14:21-0300] [INFO] Capabilities are: {
  "acceptInsecureCerts": true,
  "acceptSslCerts": true,
  "browserName": "chrome",
  "carinaTestRunId": "b8ed6608-8a05-4e7c-904c-ac105ba2a155",
  "chrome.switches": [
    "--start-maximized",
    "--ignore-ssl-errors"
  ],
  "goog:chromeOptions": {
    "args": [
      "test-type",
      "--lang=en_US"
    ],
    "extensions": [
    ]
  },
  "name": "default",
  "takesScreenshot": false,
  "version": ""
}
[2020-12-18T19:14:21-0300] [INFO] Matched factory org.openqa.selenium.grid.session.remote.ServicedSession$Factory (provider: org.openqa.selenium.chrome.ChromeDriverService)
[2020-12-18T19:14:26-0300] [INFO] Detected dialect: W3C
[2020-12-18T19:14:26-0300] [INFO] Started new session 21095d0a302247de8c7f1c40f3901294 (org.openqa.selenium.chrome.ChromeDriverService)
