[2020-12-17T19:58:54-0300] [INFO] Capabilities are: {
  "acceptInsecureCerts": true,
  "acceptSslCerts": true,
  "browserName": "chrome",
  "carinaTestRunId": "284106be-06a7-4eb2-9d41-b0be42915c0b",
  "chrome.switches": [
    "--start-maximized",
    "--ignore-ssl-errors"
  ],
  "goog:chromeOptions": {
    "args": [
      "test-type",
      "--lang=en_US"
    ],
    "extensions": [
    ]
  },
  "name": "default",
  "takesScreenshot": false,
  "version": ""
}
[2020-12-17T19:58:54-0300] [INFO] Matched factory org.openqa.selenium.grid.session.remote.ServicedSession$Factory (provider: org.openqa.selenium.chrome.ChromeDriverService)
[2020-12-17T19:58:59-0300] [INFO] Detected dialect: W3C
[2020-12-17T19:58:59-0300] [INFO] Started new session a5ee929bcceeb1ad12f51b32f5795d23 (org.openqa.selenium.chrome.ChromeDriverService)
