[2020-12-18T19:52:56-0300] [INFO] Capabilities are: {
  "acceptInsecureCerts": true,
  "acceptSslCerts": true,
  "browserName": "chrome",
  "carinaTestRunId": "539c22f8-9e0d-4c92-9d00-3da4a963bc71",
  "chrome.switches": [
    "--start-maximized",
    "--ignore-ssl-errors"
  ],
  "goog:chromeOptions": {
    "args": [
      "test-type",
      "--lang=en_US"
    ],
    "extensions": [
    ]
  },
  "name": "default",
  "takesScreenshot": false,
  "version": ""
}
[2020-12-18T19:52:56-0300] [INFO] Matched factory org.openqa.selenium.grid.session.remote.ServicedSession$Factory (provider: org.openqa.selenium.chrome.ChromeDriverService)
[2020-12-18T19:53:01-0300] [INFO] Detected dialect: W3C
[2020-12-18T19:53:01-0300] [INFO] Started new session 9fe10a94b58cde56210510b2fc0c1659 (org.openqa.selenium.chrome.ChromeDriverService)
