[2020-12-19T10:42:27-0300] [INFO] Capabilities are: {
  "acceptInsecureCerts": true,
  "acceptSslCerts": true,
  "browserName": "chrome",
  "carinaTestRunId": "fda81c61-d82d-48bc-a5aa-779bf43adf50",
  "chrome.switches": [
    "--start-maximized",
    "--ignore-ssl-errors"
  ],
  "goog:chromeOptions": {
    "args": [
      "test-type",
      "--lang=en_US"
    ],
    "extensions": [
    ]
  },
  "name": "default",
  "takesScreenshot": false,
  "version": ""
}
[2020-12-19T10:42:27-0300] [INFO] Matched factory org.openqa.selenium.grid.session.remote.ServicedSession$Factory (provider: org.openqa.selenium.chrome.ChromeDriverService)
[2020-12-19T10:42:32-0300] [INFO] Detected dialect: W3C
[2020-12-19T10:42:32-0300] [INFO] Started new session 30ed13002393dbbe7a70f332529f2fb4 (org.openqa.selenium.chrome.ChromeDriverService)
