[2020-12-18T14:09:13-0300] [INFO] Capabilities are: {
  "acceptInsecureCerts": true,
  "acceptSslCerts": true,
  "browserName": "chrome",
  "carinaTestRunId": "5a6e4bb0-1bdb-43c0-a0c2-25c748b730af",
  "chrome.switches": [
    "--start-maximized",
    "--ignore-ssl-errors"
  ],
  "goog:chromeOptions": {
    "args": [
      "test-type",
      "--lang=en_US"
    ],
    "extensions": [
    ]
  },
  "name": "default",
  "takesScreenshot": false,
  "version": ""
}
[2020-12-18T14:09:13-0300] [INFO] Matched factory org.openqa.selenium.grid.session.remote.ServicedSession$Factory (provider: org.openqa.selenium.chrome.ChromeDriverService)
[2020-12-18T14:09:18-0300] [INFO] Detected dialect: W3C
[2020-12-18T14:09:18-0300] [INFO] Started new session 47ee1dcc133ddd05401d538247470620 (org.openqa.selenium.chrome.ChromeDriverService)
