[2020-12-18T18:37:14-0300] [INFO] Capabilities are: {
  "acceptInsecureCerts": true,
  "acceptSslCerts": true,
  "browserName": "chrome",
  "carinaTestRunId": "39d8c8f7-59c5-4afe-9500-b1203f2c0c14",
  "chrome.switches": [
    "--start-maximized",
    "--ignore-ssl-errors"
  ],
  "goog:chromeOptions": {
    "args": [
      "test-type",
      "--lang=en_US"
    ],
    "extensions": [
    ]
  },
  "name": "default",
  "takesScreenshot": false,
  "version": ""
}
[2020-12-18T18:37:14-0300] [INFO] Matched factory org.openqa.selenium.grid.session.remote.ServicedSession$Factory (provider: org.openqa.selenium.chrome.ChromeDriverService)
[2020-12-18T18:37:20-0300] [INFO] Detected dialect: W3C
[2020-12-18T18:37:20-0300] [INFO] Started new session b8c73b6ddd706e932d0dbfc4fb99912f (org.openqa.selenium.chrome.ChromeDriverService)
