[2020-12-19T10:45:41-0300] [INFO] Capabilities are: {
  "acceptInsecureCerts": true,
  "acceptSslCerts": true,
  "browserName": "chrome",
  "carinaTestRunId": "8ed03d3e-b203-4df1-ba99-bc4be78e65e5",
  "chrome.switches": [
    "--start-maximized",
    "--ignore-ssl-errors"
  ],
  "goog:chromeOptions": {
    "args": [
      "test-type",
      "--lang=en_US"
    ],
    "extensions": [
    ]
  },
  "name": "default",
  "takesScreenshot": false,
  "version": ""
}
[2020-12-19T10:45:41-0300] [INFO] Matched factory org.openqa.selenium.grid.session.remote.ServicedSession$Factory (provider: org.openqa.selenium.chrome.ChromeDriverService)
[2020-12-19T10:45:46-0300] [INFO] Detected dialect: W3C
[2020-12-19T10:45:46-0300] [INFO] Started new session 7cb6f45fc0734b50cd96cf9d2572a204 (org.openqa.selenium.chrome.ChromeDriverService)
