[2020-12-17T19:53:10-0300] [INFO] Capabilities are: {
  "acceptInsecureCerts": true,
  "acceptSslCerts": true,
  "browserName": "chrome",
  "carinaTestRunId": "a7a6660c-538b-47dd-8ca3-bc0bea4c6d01",
  "chrome.switches": [
    "--start-maximized",
    "--ignore-ssl-errors"
  ],
  "goog:chromeOptions": {
    "args": [
      "test-type",
      "--lang=en_US"
    ],
    "extensions": [
    ]
  },
  "name": "default",
  "takesScreenshot": false,
  "version": ""
}
[2020-12-17T19:53:10-0300] [INFO] Matched factory org.openqa.selenium.grid.session.remote.ServicedSession$Factory (provider: org.openqa.selenium.chrome.ChromeDriverService)
[2020-12-17T19:53:15-0300] [INFO] Detected dialect: W3C
[2020-12-17T19:53:15-0300] [INFO] Started new session e8327ba4d6e770fe317e6aec0aad354e (org.openqa.selenium.chrome.ChromeDriverService)
