[2020-12-18T14:06:31-0300] [INFO] Capabilities are: {
  "acceptInsecureCerts": true,
  "acceptSslCerts": true,
  "browserName": "chrome",
  "carinaTestRunId": "ac481b9b-0c13-4639-975a-4269a65e0947",
  "chrome.switches": [
    "--start-maximized",
    "--ignore-ssl-errors"
  ],
  "goog:chromeOptions": {
    "args": [
      "test-type",
      "--lang=en_US"
    ],
    "extensions": [
    ]
  },
  "name": "default",
  "takesScreenshot": false,
  "version": ""
}
[2020-12-18T14:06:31-0300] [INFO] Matched factory org.openqa.selenium.grid.session.remote.ServicedSession$Factory (provider: org.openqa.selenium.chrome.ChromeDriverService)
[2020-12-18T14:06:37-0300] [INFO] Detected dialect: W3C
[2020-12-18T14:06:37-0300] [INFO] Started new session efac391f75cc7e5fd41039d91b6870db (org.openqa.selenium.chrome.ChromeDriverService)
