[2020-12-17T20:42:23-0300] [INFO] Capabilities are: {
  "acceptInsecureCerts": true,
  "acceptSslCerts": true,
  "browserName": "chrome",
  "carinaTestRunId": "6466a2d2-2525-4de4-a967-6013d26d304a",
  "chrome.switches": [
    "--start-maximized",
    "--ignore-ssl-errors"
  ],
  "goog:chromeOptions": {
    "args": [
      "test-type",
      "--lang=en_US"
    ],
    "extensions": [
    ]
  },
  "name": "default",
  "takesScreenshot": false,
  "version": ""
}
[2020-12-17T20:42:23-0300] [INFO] Matched factory org.openqa.selenium.grid.session.remote.ServicedSession$Factory (provider: org.openqa.selenium.chrome.ChromeDriverService)
[2020-12-17T20:42:29-0300] [INFO] Detected dialect: W3C
[2020-12-17T20:42:29-0300] [INFO] Started new session 7c5e51b33e7cc8d0e3c31438857d5172 (org.openqa.selenium.chrome.ChromeDriverService)
