[2020-12-18T17:40:16-0300] [INFO] Capabilities are: {
  "acceptInsecureCerts": true,
  "acceptSslCerts": true,
  "browserName": "chrome",
  "carinaTestRunId": "612a0483-210a-4007-b9d9-19abd499eebd",
  "chrome.switches": [
    "--start-maximized",
    "--ignore-ssl-errors"
  ],
  "goog:chromeOptions": {
    "args": [
      "test-type",
      "--lang=en_US"
    ],
    "extensions": [
    ]
  },
  "name": "default",
  "takesScreenshot": false,
  "version": ""
}
[2020-12-18T17:40:16-0300] [INFO] Matched factory org.openqa.selenium.grid.session.remote.ServicedSession$Factory (provider: org.openqa.selenium.chrome.ChromeDriverService)
[2020-12-18T17:40:22-0300] [INFO] Detected dialect: W3C
[2020-12-18T17:40:22-0300] [INFO] Started new session bf5fe0372f71f9f7eb239d95d805d6b0 (org.openqa.selenium.chrome.ChromeDriverService)
