[2020-12-17T19:58:04-0300] [INFO] Capabilities are: {
  "acceptInsecureCerts": true,
  "acceptSslCerts": true,
  "browserName": "chrome",
  "carinaTestRunId": "6189404f-2401-48fd-9d3a-3cef1a974049",
  "chrome.switches": [
    "--start-maximized",
    "--ignore-ssl-errors"
  ],
  "goog:chromeOptions": {
    "args": [
      "test-type",
      "--lang=en_US"
    ],
    "extensions": [
    ]
  },
  "name": "default",
  "takesScreenshot": false,
  "version": ""
}
[2020-12-17T19:58:04-0300] [INFO] Matched factory org.openqa.selenium.grid.session.remote.ServicedSession$Factory (provider: org.openqa.selenium.chrome.ChromeDriverService)
[2020-12-17T19:58:09-0300] [INFO] Detected dialect: W3C
[2020-12-17T19:58:09-0300] [INFO] Started new session 7902db9efd2e9253eef1970b433a62c3 (org.openqa.selenium.chrome.ChromeDriverService)
