[2020-12-18T18:47:47-0300] [INFO] Capabilities are: {
  "acceptInsecureCerts": true,
  "acceptSslCerts": true,
  "browserName": "chrome",
  "carinaTestRunId": "1ddfd286-9fb5-458b-a2da-9284c7fc8278",
  "chrome.switches": [
    "--start-maximized",
    "--ignore-ssl-errors"
  ],
  "goog:chromeOptions": {
    "args": [
      "test-type",
      "--lang=en_US"
    ],
    "extensions": [
    ]
  },
  "name": "default",
  "takesScreenshot": false,
  "version": ""
}
[2020-12-18T18:47:47-0300] [INFO] Matched factory org.openqa.selenium.grid.session.remote.ServicedSession$Factory (provider: org.openqa.selenium.chrome.ChromeDriverService)
[2020-12-18T18:47:53-0300] [INFO] Detected dialect: W3C
[2020-12-18T18:47:53-0300] [INFO] Started new session 39cefeab78e766c8278ad54740d85a28 (org.openqa.selenium.chrome.ChromeDriverService)
