[2020-12-17T20:53:27-0300] [INFO] Capabilities are: {
  "acceptInsecureCerts": true,
  "acceptSslCerts": true,
  "browserName": "chrome",
  "carinaTestRunId": "8b9f85f4-d16b-41a4-9416-28b5a4cac35e",
  "chrome.switches": [
    "--start-maximized",
    "--ignore-ssl-errors"
  ],
  "goog:chromeOptions": {
    "args": [
      "test-type",
      "--lang=en_US"
    ],
    "extensions": [
    ]
  },
  "name": "default",
  "takesScreenshot": false,
  "version": ""
}
[2020-12-17T20:53:27-0300] [INFO] Matched factory org.openqa.selenium.grid.session.remote.ServicedSession$Factory (provider: org.openqa.selenium.chrome.ChromeDriverService)
[2020-12-17T20:53:32-0300] [INFO] Detected dialect: W3C
[2020-12-17T20:53:32-0300] [INFO] Started new session 89039474128de32aa49c5442336626c8 (org.openqa.selenium.chrome.ChromeDriverService)
