[2020-12-17T19:56:26-0300] [INFO] Capabilities are: {
  "acceptInsecureCerts": true,
  "acceptSslCerts": true,
  "browserName": "chrome",
  "carinaTestRunId": "70b55b4b-cc29-4568-8c5f-08896375c836",
  "chrome.switches": [
    "--start-maximized",
    "--ignore-ssl-errors"
  ],
  "goog:chromeOptions": {
    "args": [
      "test-type",
      "--lang=en_US"
    ],
    "extensions": [
    ]
  },
  "name": "default",
  "takesScreenshot": false,
  "version": ""
}
[2020-12-17T19:56:26-0300] [INFO] Matched factory org.openqa.selenium.grid.session.remote.ServicedSession$Factory (provider: org.openqa.selenium.chrome.ChromeDriverService)
[2020-12-17T19:56:32-0300] [INFO] Detected dialect: W3C
[2020-12-17T19:56:32-0300] [INFO] Started new session b7927fcd3fe0ac297cc33dfd69ca61e8 (org.openqa.selenium.chrome.ChromeDriverService)
