[2020-12-19T12:17:18-0300] [INFO] Capabilities are: {
  "acceptInsecureCerts": true,
  "acceptSslCerts": true,
  "browserName": "chrome",
  "carinaTestRunId": "741ab82a-288a-404d-9ff8-dc26a9d7d067",
  "chrome.switches": [
    "--start-maximized",
    "--ignore-ssl-errors"
  ],
  "goog:chromeOptions": {
    "args": [
      "test-type",
      "--lang=en_US"
    ],
    "extensions": [
    ]
  },
  "name": "default",
  "takesScreenshot": false,
  "version": ""
}
[2020-12-19T12:17:18-0300] [INFO] Matched factory org.openqa.selenium.grid.session.remote.ServicedSession$Factory (provider: org.openqa.selenium.chrome.ChromeDriverService)
[2020-12-19T12:17:23-0300] [INFO] Detected dialect: W3C
[2020-12-19T12:17:23-0300] [INFO] Started new session b45cc7560afb9f1efd943bcde882b33a (org.openqa.selenium.chrome.ChromeDriverService)
