[2020-12-18T13:22:53-0300] [INFO] Capabilities are: {
  "acceptInsecureCerts": true,
  "acceptSslCerts": true,
  "browserName": "chrome",
  "carinaTestRunId": "0e486e11-8549-47cd-912f-22290943e14d",
  "chrome.switches": [
    "--start-maximized",
    "--ignore-ssl-errors"
  ],
  "goog:chromeOptions": {
    "args": [
      "test-type",
      "--lang=en_US"
    ],
    "extensions": [
    ]
  },
  "name": "default",
  "takesScreenshot": false,
  "version": ""
}
[2020-12-18T13:22:53-0300] [INFO] Matched factory org.openqa.selenium.grid.session.remote.ServicedSession$Factory (provider: org.openqa.selenium.chrome.ChromeDriverService)
[2020-12-18T13:22:59-0300] [INFO] Detected dialect: W3C
[2020-12-18T13:22:59-0300] [INFO] Started new session 96fd07799d514e9866443c548439a937 (org.openqa.selenium.chrome.ChromeDriverService)
