[2020-12-18T13:29:29-0300] [INFO] Capabilities are: {
  "acceptInsecureCerts": true,
  "acceptSslCerts": true,
  "browserName": "chrome",
  "carinaTestRunId": "ec6f0c55-5dae-4b50-af0c-ba9343823250",
  "chrome.switches": [
    "--start-maximized",
    "--ignore-ssl-errors"
  ],
  "goog:chromeOptions": {
    "args": [
      "test-type",
      "--lang=en_US"
    ],
    "extensions": [
    ]
  },
  "name": "default",
  "takesScreenshot": false,
  "version": ""
}
[2020-12-18T13:29:29-0300] [INFO] Matched factory org.openqa.selenium.grid.session.remote.ServicedSession$Factory (provider: org.openqa.selenium.chrome.ChromeDriverService)
[2020-12-18T13:29:35-0300] [INFO] Detected dialect: W3C
[2020-12-18T13:29:35-0300] [INFO] Started new session 1ad760bd9066af76ce9391ae333d024a (org.openqa.selenium.chrome.ChromeDriverService)
