[2020-12-19T12:06:55-0300] [INFO] Capabilities are: {
  "acceptInsecureCerts": true,
  "acceptSslCerts": true,
  "browserName": "chrome",
  "carinaTestRunId": "c996bccf-7e6b-48c8-8a26-2a59b356f8ec",
  "chrome.switches": [
    "--start-maximized",
    "--ignore-ssl-errors"
  ],
  "goog:chromeOptions": {
    "args": [
      "test-type",
      "--lang=en_US"
    ],
    "extensions": [
    ]
  },
  "name": "default",
  "takesScreenshot": false,
  "version": ""
}
[2020-12-19T12:06:55-0300] [INFO] Matched factory org.openqa.selenium.grid.session.remote.ServicedSession$Factory (provider: org.openqa.selenium.chrome.ChromeDriverService)
[2020-12-19T12:07:01-0300] [INFO] Detected dialect: W3C
[2020-12-19T12:07:01-0300] [INFO] Started new session 9fe5a598d747354b4992a138cf2a7079 (org.openqa.selenium.chrome.ChromeDriverService)
