[2020-12-19T12:13:35-0300] [INFO] Capabilities are: {
  "acceptInsecureCerts": true,
  "acceptSslCerts": true,
  "browserName": "chrome",
  "carinaTestRunId": "c9c10ec4-1f6b-4414-9e08-976710bac1a3",
  "chrome.switches": [
    "--start-maximized",
    "--ignore-ssl-errors"
  ],
  "goog:chromeOptions": {
    "args": [
      "test-type",
      "--lang=en_US"
    ],
    "extensions": [
    ]
  },
  "name": "default",
  "takesScreenshot": false,
  "version": ""
}
[2020-12-19T12:13:35-0300] [INFO] Matched factory org.openqa.selenium.grid.session.remote.ServicedSession$Factory (provider: org.openqa.selenium.chrome.ChromeDriverService)
[2020-12-19T12:13:40-0300] [INFO] Detected dialect: W3C
[2020-12-19T12:13:40-0300] [INFO] Started new session 3234a0b5f5dd70e4caec34ad78e7867e (org.openqa.selenium.chrome.ChromeDriverService)
