[2020-12-17T20:43:15-0300] [INFO] Capabilities are: {
  "acceptInsecureCerts": true,
  "acceptSslCerts": true,
  "browserName": "chrome",
  "carinaTestRunId": "93180f34-99eb-4b78-996b-81cc23942043",
  "chrome.switches": [
    "--start-maximized",
    "--ignore-ssl-errors"
  ],
  "goog:chromeOptions": {
    "args": [
      "test-type",
      "--lang=en_US"
    ],
    "extensions": [
    ]
  },
  "name": "default",
  "takesScreenshot": false,
  "version": ""
}
[2020-12-17T20:43:15-0300] [INFO] Matched factory org.openqa.selenium.grid.session.remote.ServicedSession$Factory (provider: org.openqa.selenium.chrome.ChromeDriverService)
[2020-12-17T20:43:21-0300] [INFO] Detected dialect: W3C
[2020-12-17T20:43:21-0300] [INFO] Started new session 0564da3340ced090080236d71671df99 (org.openqa.selenium.chrome.ChromeDriverService)
