[2020-12-17T20:00:07-0300] [INFO] Capabilities are: {
  "acceptInsecureCerts": true,
  "acceptSslCerts": true,
  "browserName": "chrome",
  "carinaTestRunId": "11460026-6612-423c-bf67-730a7b7226aa",
  "chrome.switches": [
    "--start-maximized",
    "--ignore-ssl-errors"
  ],
  "goog:chromeOptions": {
    "args": [
      "test-type",
      "--lang=en_US"
    ],
    "extensions": [
    ]
  },
  "name": "default",
  "takesScreenshot": false,
  "version": ""
}
[2020-12-17T20:00:07-0300] [INFO] Matched factory org.openqa.selenium.grid.session.remote.ServicedSession$Factory (provider: org.openqa.selenium.chrome.ChromeDriverService)
[2020-12-17T20:00:13-0300] [INFO] Detected dialect: W3C
[2020-12-17T20:00:13-0300] [INFO] Started new session 81c7de8bd47cbbd1de66fe4ccfe41d82 (org.openqa.selenium.chrome.ChromeDriverService)
