[2020-12-17T19:55:17-0300] [INFO] Capabilities are: {
  "acceptInsecureCerts": true,
  "acceptSslCerts": true,
  "browserName": "chrome",
  "carinaTestRunId": "bee9ac32-6e32-44be-9ccf-86aa103f371c",
  "chrome.switches": [
    "--start-maximized",
    "--ignore-ssl-errors"
  ],
  "goog:chromeOptions": {
    "args": [
      "test-type",
      "--lang=en_US"
    ],
    "extensions": [
    ]
  },
  "name": "default",
  "takesScreenshot": false,
  "version": ""
}
[2020-12-17T19:55:17-0300] [INFO] Matched factory org.openqa.selenium.grid.session.remote.ServicedSession$Factory (provider: org.openqa.selenium.chrome.ChromeDriverService)
[2020-12-17T19:55:22-0300] [INFO] Detected dialect: W3C
[2020-12-17T19:55:22-0300] [INFO] Started new session 668fcad809ab133c856cee705c060e77 (org.openqa.selenium.chrome.ChromeDriverService)
