[2020-12-17T20:17:11-0300] [INFO] Capabilities are: {
  "acceptInsecureCerts": true,
  "acceptSslCerts": true,
  "browserName": "chrome",
  "carinaTestRunId": "c4afc307-f2ed-4a80-a151-4936cdab00cb",
  "chrome.switches": [
    "--start-maximized",
    "--ignore-ssl-errors"
  ],
  "goog:chromeOptions": {
    "args": [
      "test-type",
      "--lang=en_US"
    ],
    "extensions": [
    ]
  },
  "name": "default",
  "takesScreenshot": false,
  "version": ""
}
[2020-12-17T20:17:11-0300] [INFO] Matched factory org.openqa.selenium.grid.session.remote.ServicedSession$Factory (provider: org.openqa.selenium.chrome.ChromeDriverService)
[2020-12-17T20:17:16-0300] [INFO] Detected dialect: W3C
[2020-12-17T20:17:16-0300] [INFO] Started new session 09a8981de8f265fe5ee38d2c104ada6c (org.openqa.selenium.chrome.ChromeDriverService)
