[2020-12-17T20:51:40-0300] [INFO] Capabilities are: {
  "acceptInsecureCerts": true,
  "acceptSslCerts": true,
  "browserName": "chrome",
  "carinaTestRunId": "aa345686-7dfc-4fea-814c-bb9a13b59249",
  "chrome.switches": [
    "--start-maximized",
    "--ignore-ssl-errors"
  ],
  "goog:chromeOptions": {
    "args": [
      "test-type",
      "--lang=en_US"
    ],
    "extensions": [
    ]
  },
  "name": "default",
  "takesScreenshot": false,
  "version": ""
}
[2020-12-17T20:51:40-0300] [INFO] Matched factory org.openqa.selenium.grid.session.remote.ServicedSession$Factory (provider: org.openqa.selenium.chrome.ChromeDriverService)
[2020-12-17T20:51:45-0300] [INFO] Detected dialect: W3C
[2020-12-17T20:51:45-0300] [INFO] Started new session d147442bdfcfa715a7bbe31ec8738df2 (org.openqa.selenium.chrome.ChromeDriverService)
