[2020-12-19T12:21:42-0300] [INFO] Capabilities are: {
  "acceptInsecureCerts": true,
  "acceptSslCerts": true,
  "browserName": "chrome",
  "carinaTestRunId": "e99efe92-c65e-4b75-ac5d-8b5b5fe8bf7c",
  "chrome.switches": [
    "--start-maximized",
    "--ignore-ssl-errors"
  ],
  "goog:chromeOptions": {
    "args": [
      "test-type",
      "--lang=en_US"
    ],
    "extensions": [
    ]
  },
  "name": "default",
  "takesScreenshot": false,
  "version": ""
}
[2020-12-19T12:21:42-0300] [INFO] Matched factory org.openqa.selenium.grid.session.remote.ServicedSession$Factory (provider: org.openqa.selenium.chrome.ChromeDriverService)
[2020-12-19T12:21:47-0300] [INFO] Detected dialect: W3C
[2020-12-19T12:21:47-0300] [INFO] Started new session c3e47b9c59efcfa8e86fc6ac40db4db6 (org.openqa.selenium.chrome.ChromeDriverService)
