[2020-12-18T17:52:36-0300] [INFO] Capabilities are: {
  "acceptInsecureCerts": true,
  "acceptSslCerts": true,
  "browserName": "chrome",
  "carinaTestRunId": "17712c66-d68e-4830-ab06-2bd475e543e5",
  "chrome.switches": [
    "--start-maximized",
    "--ignore-ssl-errors"
  ],
  "goog:chromeOptions": {
    "args": [
      "test-type",
      "--lang=en_US"
    ],
    "extensions": [
    ]
  },
  "name": "default",
  "takesScreenshot": false,
  "version": ""
}
[2020-12-18T17:52:36-0300] [INFO] Matched factory org.openqa.selenium.grid.session.remote.ServicedSession$Factory (provider: org.openqa.selenium.chrome.ChromeDriverService)
[2020-12-18T17:52:41-0300] [INFO] Detected dialect: W3C
[2020-12-18T17:52:41-0300] [INFO] Started new session 93d5033a059ad12490cfd0872073c050 (org.openqa.selenium.chrome.ChromeDriverService)
