[2020-12-17T19:27:35-0300] [INFO] Capabilities are: {
  "acceptInsecureCerts": true,
  "acceptSslCerts": true,
  "browserName": "chrome",
  "carinaTestRunId": "1dfbabc8-1392-45f4-a76e-377a25d883c3",
  "chrome.switches": [
    "--start-maximized",
    "--ignore-ssl-errors"
  ],
  "goog:chromeOptions": {
    "args": [
      "test-type",
      "--lang=en_US"
    ],
    "extensions": [
    ]
  },
  "name": "default",
  "takesScreenshot": false,
  "version": ""
}
[2020-12-17T19:27:37-0300] [INFO] Matched factory org.openqa.selenium.grid.session.remote.ServicedSession$Factory (provider: org.openqa.selenium.chrome.ChromeDriverService)
[2020-12-17T19:27:42-0300] [INFO] Detected dialect: W3C
[2020-12-17T19:27:42-0300] [INFO] Started new session 4ae8c15854e74f0a37ab27e80ab4c222 (org.openqa.selenium.chrome.ChromeDriverService)
