[2020-12-18T14:12:09-0300] [INFO] Capabilities are: {
  "acceptInsecureCerts": true,
  "acceptSslCerts": true,
  "browserName": "chrome",
  "carinaTestRunId": "ff020a97-3e7a-45d4-b44e-5b2b06c1e175",
  "chrome.switches": [
    "--start-maximized",
    "--ignore-ssl-errors"
  ],
  "goog:chromeOptions": {
    "args": [
      "test-type",
      "--lang=en_US"
    ],
    "extensions": [
    ]
  },
  "name": "default",
  "takesScreenshot": false,
  "version": ""
}
[2020-12-18T14:12:09-0300] [INFO] Matched factory org.openqa.selenium.grid.session.remote.ServicedSession$Factory (provider: org.openqa.selenium.chrome.ChromeDriverService)
[2020-12-18T14:12:15-0300] [INFO] Detected dialect: W3C
[2020-12-18T14:12:15-0300] [INFO] Started new session 6e45243e862e3aab064af59629577bcb (org.openqa.selenium.chrome.ChromeDriverService)
