[2020-12-17T20:30:06-0300] [INFO] Capabilities are: {
  "acceptInsecureCerts": true,
  "acceptSslCerts": true,
  "browserName": "chrome",
  "carinaTestRunId": "fd75ddbc-4c6f-48e8-9138-7d06b58e09f9",
  "chrome.switches": [
    "--start-maximized",
    "--ignore-ssl-errors"
  ],
  "goog:chromeOptions": {
    "args": [
      "test-type",
      "--lang=en_US"
    ],
    "extensions": [
    ]
  },
  "name": "default",
  "takesScreenshot": false,
  "version": ""
}
[2020-12-17T20:30:06-0300] [INFO] Matched factory org.openqa.selenium.grid.session.remote.ServicedSession$Factory (provider: org.openqa.selenium.chrome.ChromeDriverService)
[2020-12-17T20:30:11-0300] [INFO] Detected dialect: W3C
[2020-12-17T20:30:11-0300] [INFO] Started new session 9952ccd031a5926da835580dad55e731 (org.openqa.selenium.chrome.ChromeDriverService)
