[2020-12-19T11:39:03-0300] [INFO] Capabilities are: {
  "acceptInsecureCerts": true,
  "acceptSslCerts": true,
  "browserName": "chrome",
  "carinaTestRunId": "4a3e14d3-fc7f-45f4-b601-c63c4fe5c8e4",
  "chrome.switches": [
    "--start-maximized",
    "--ignore-ssl-errors"
  ],
  "goog:chromeOptions": {
    "args": [
      "test-type",
      "--lang=en_US"
    ],
    "extensions": [
    ]
  },
  "name": "default",
  "takesScreenshot": false,
  "version": ""
}
[2020-12-19T11:39:03-0300] [INFO] Matched factory org.openqa.selenium.grid.session.remote.ServicedSession$Factory (provider: org.openqa.selenium.chrome.ChromeDriverService)
[2020-12-19T11:39:08-0300] [INFO] Detected dialect: W3C
[2020-12-19T11:39:08-0300] [INFO] Started new session 302ff6bcae0fde1e37a9330f32f05c31 (org.openqa.selenium.chrome.ChromeDriverService)
