[2020-12-17T19:35:16-0300] [INFO] Capabilities are: {
  "acceptInsecureCerts": true,
  "acceptSslCerts": true,
  "browserName": "chrome",
  "carinaTestRunId": "aee55e50-3458-4171-8ecf-e3df5d1cd963",
  "chrome.switches": [
    "--start-maximized",
    "--ignore-ssl-errors"
  ],
  "goog:chromeOptions": {
    "args": [
      "test-type",
      "--lang=en_US"
    ],
    "extensions": [
    ]
  },
  "name": "default",
  "takesScreenshot": false,
  "version": ""
}
[2020-12-17T19:35:16-0300] [INFO] Matched factory org.openqa.selenium.grid.session.remote.ServicedSession$Factory (provider: org.openqa.selenium.chrome.ChromeDriverService)
[2020-12-17T19:35:22-0300] [INFO] Detected dialect: W3C
[2020-12-17T19:35:22-0300] [INFO] Started new session 1e4a68517f110cab4300155b7208728d (org.openqa.selenium.chrome.ChromeDriverService)
