[2020-12-18T17:38:18-0300] [INFO] Capabilities are: {
  "acceptInsecureCerts": true,
  "acceptSslCerts": true,
  "browserName": "chrome",
  "carinaTestRunId": "b8592c6a-a65a-42af-bbbc-67287d0c22f6",
  "chrome.switches": [
    "--start-maximized",
    "--ignore-ssl-errors"
  ],
  "goog:chromeOptions": {
    "args": [
      "test-type",
      "--lang=en_US"
    ],
    "extensions": [
    ]
  },
  "name": "default",
  "takesScreenshot": false,
  "version": ""
}
[2020-12-18T17:38:18-0300] [INFO] Matched factory org.openqa.selenium.grid.session.remote.ServicedSession$Factory (provider: org.openqa.selenium.chrome.ChromeDriverService)
[2020-12-18T17:38:23-0300] [INFO] Detected dialect: W3C
[2020-12-18T17:38:23-0300] [INFO] Started new session 10a646bcfdba96d7556814656cb8b300 (org.openqa.selenium.chrome.ChromeDriverService)
